<?xml version="1.0" encoding="UTF-8"?>
<!-- Generated by org.testng.reporters.JUnitReportReporter -->
<testsuite skipped="0" hostname="Rahul-Mahajans-Temp-MacBook-Pro" name="org.dolphin.TextBoxTest" tests="3" failures="0" timestamp="2021-05-23T09:04:11 IST" time="65.125" errors="0">
  <testcase name="verifyTextBoxTest" time="12.387" classname="org.dolphin.TextBoxTest"/>
  <system-out>
    <![CDATA[Test Case started verifyTextBoxTest
user is already logged in 
Test case is completed
All Steps of Test are completed
Test Case Ended verifyTextBoxTest]]>
  </system-out>
  <testcase name="verifyTextBoxTest" time="12.206" classname="org.dolphin.TextBoxTest"/>
  <system-out>
    <![CDATA[Test Case started verifyTextBoxTest
user is already logged in 
Test case is completed
All Steps of Test are completed
Test Case Ended verifyTextBoxTest]]>
  </system-out>
  <testcase name="verifyTextBoxTest" time="40.532" classname="org.dolphin.TextBoxTest"/>
  <system-out>
    <![CDATA[Test Case started verifyTextBoxTest
Test case is completed
All Steps of Test are completed
Test Case Ended verifyTextBoxTest]]>
  </system-out>
</testsuite> <!-- org.dolphin.TextBoxTest -->
