<?xml version="1.0" encoding="UTF-8"?>
<!-- Generated by org.testng.reporters.JUnitReportReporter -->
<testsuite skipped="1" hostname="Rahul-Mahajans-Temp-MacBook-Pro" name="org.dolphin.AlertTest" tests="1" failures="0" timestamp="2021-05-23T10:16:23 IST" time="0.000" errors="0">
  <testcase name="verifyAlertHandling" time="0.000" classname="org.dolphin.AlertTest">
    <skipped/>
  </testcase> <!-- verifyAlertHandling -->
  <system-out>
    <![CDATA[Test is skipped due to failed configuration : verifyAlertHandling]]>
  </system-out>
</testsuite> <!-- org.dolphin.AlertTest -->
