<?xml version="1.0" encoding="UTF-8"?>
<!-- Generated by org.testng.reporters.JUnitReportReporter -->
<testsuite skipped="0" hostname="Rahul-Mahajans-Temp-MacBook-Pro" name="org.dolphin.ButtonTest" tests="1" failures="0" timestamp="2021-05-23T10:16:23 IST" time="36.244" errors="0">
  <testcase name="verifyClickingButtonsTest" time="36.244" classname="org.dolphin.ButtonTest"/>
  <system-out>
    <![CDATA[Test Case started verifyClickingButtonsTest
All Steps of Test are completed
Test Case Ended verifyClickingButtonsTest]]>
  </system-out>
</testsuite> <!-- org.dolphin.ButtonTest -->
